# JRE version: OpenJDK Runtime Environment Temurin-21.0.9+10 (21.0.9+10) (build 21.0.9+10-LTS)
# Java VM: OpenJDK 64-Bit Server VM Temurin-21.0.9+10 (21.0.9+10-LTS, mixed mode, sharing, tiered, compressed oops, compressed class ptrs, g1 gc, windows-amd64)
GC Precious Log:
 CardTable entry size: 512
 Card Set container configuration: InlinePtr #cards 5 size 8 Array Of Cards #cards 12 size 40 Howl #buckets 4 coarsen threshold 1843 Howl Bitmap #cards 512 size 80 coarsen threshold 460 Card regions per heap region 1 cards per card region 2048
 CPUs: 4 total, 4 available
 Memory: 31673M
 Large Page Support: Disabled
 NUMA Support: Disabled
 Compressed Oops: Enabled (32-bit)
 Heap Region Size: 1M
 Heap Min Capacity: 8M
 Heap Initial Capacity: 496M
 Heap Max Capacity: 2G
 Pre-touch: Disabled
 Parallel Workers: 4
 Concurrent Workers: 1
 Concurrent Refinement Workers: 4
 Periodic GC: Disabled
Heap:
 garbage-first heap   total 538624K, used 397824K [0x0000000080000000, 0x0000000100000000)
  region size 1024K, 2 young (2048K), 2 survivors (2048K)
 Metaspace       used 83170K, committed 85440K, reserved 1179648K
  class space    used 11307K, committed 12416K, reserved 1048576K
GC Heap History (20 events):
Event: 74.259 GC heap after
{Heap after GC invocations=38 (full 0):
 garbage-first heap   total 315392K, used 187392K [0x0000000080000000, 0x0000000100000000)
  region size 1024K, 10 young (10240K), 10 survivors (10240K)
 Metaspace       used 76943K, committed 79168K, reserved 1179648K
  class space    used 10808K, committed 11904K, reserved 1048576K
}
Event: 74.345 GC heap before
{Heap before GC invocations=38 (full 0):
 garbage-first heap   total 315392K, used 215040K [0x0000000080000000, 0x0000000100000000)
  region size 1024K, 39 young (39936K), 10 survivors (10240K)
 Metaspace       used 76946K, committed 79168K, reserved 1179648K
  class space    used 10808K, committed 11904K, reserved 1048576K
}
Event: 74.357 GC heap after
{Heap after GC invocations=39 (full 0):
 garbage-first heap   total 315392K, used 198144K [0x0000000080000000, 0x0000000100000000)
  region size 1024K, 9 young (9216K), 9 survivors (9216K)
 Metaspace       used 76946K, committed 79168K, reserved 1179648K
  class space    used 10808K, committed 11904K, reserved 1048576K
}
Event: 74.906 GC heap before
{Heap before GC invocations=40 (full 0):
 garbage-first heap   total 331776K, used 250368K [0x0000000080000000, 0x0000000100000000)
  region size 1024K, 61 young (62464K), 9 survivors (9216K)
 Metaspace       used 77224K, committed 79488K, reserved 1179648K
  class space    used 10846K, committed 11968K, reserved 1048576K
}
Event: 74.918 GC heap after
{Heap after GC invocations=41 (full 0):
 garbage-first heap   total 331776K, used 208384K [0x0000000080000000, 0x0000000100000000)
  region size 1024K, 8 young (8192K), 8 survivors (8192K)
 Metaspace       used 77224K, committed 79488K, reserved 1179648K
  class space    used 10846K, committed 11968K, reserved 1048576K
}
Event: 75.311 GC heap before
{Heap before GC invocations=41 (full 0):
 garbage-first heap   total 331776K, used 267776K [0x0000000080000000, 0x0000000100000000)
  region size 1024K, 68 young (69632K), 8 survivors (8192K)
 Metaspace       used 77271K, committed 79552K, reserved 1179648K
  class space    used 10846K, committed 11968K, reserved 1048576K
}
Event: 75.325 GC heap after
{Heap after GC invocations=42 (full 0):
 garbage-first heap   total 331776K, used 216064K [0x0000000080000000, 0x0000000100000000)
  region size 1024K, 9 young (9216K), 9 survivors (9216K)
 Metaspace       used 77271K, committed 79552K, reserved 1179648K
  class space    used 10846K, committed 11968K, reserved 1048576K
}
Event: 75.940 GC heap before
{Heap before GC invocations=42 (full 0):
 garbage-first heap   total 331776K, used 277504K [0x0000000080000000, 0x0000000100000000)
  region size 1024K, 71 young (72704K), 9 survivors (9216K)
 Metaspace       used 77278K, committed 79552K, reserved 1179648K
  class space    used 10846K, committed 11968K, reserved 1048576K
}
Event: 75.954 GC heap after
{Heap after GC invocations=43 (full 0):
 garbage-first heap   total 538624K, used 228352K [0x0000000080000000, 0x0000000100000000)
  region size 1024K, 9 young (9216K), 9 survivors (9216K)
 Metaspace       used 77278K, committed 79552K, reserved 1179648K
  class space    used 10846K, committed 11968K, reserved 1048576K
}
Event: 76.869 GC heap before
{Heap before GC invocations=44 (full 0):
 garbage-first heap   total 538624K, used 393216K [0x0000000080000000, 0x0000000100000000)
  region size 1024K, 170 young (174080K), 9 survivors (9216K)
 Metaspace       used 77286K, committed 79552K, reserved 1179648K
  class space    used 10846K, committed 11968K, reserved 1048576K
}
Event: 76.922 GC heap after
{Heap after GC invocations=45 (full 0):
 garbage-first heap   total 538624K, used 266752K [0x0000000080000000, 0x0000000100000000)
  region size 1024K, 22 young (22528K), 22 survivors (22528K)
 Metaspace       used 77286K, committed 79552K, reserved 1179648K
  class space    used 10846K, committed 11968K, reserved 1048576K
}
Event: 77.346 GC heap before
{Heap before GC invocations=45 (full 0):
 garbage-first heap   total 538624K, used 412160K [0x0000000080000000, 0x0000000100000000)
  region size 1024K, 165 young (168960K), 22 survivors (22528K)
 Metaspace       used 77286K, committed 79552K, reserved 1179648K
  class space    used 10846K, committed 11968K, reserved 1048576K
}
Event: 77.376 GC heap after
{Heap after GC invocations=46 (full 0):
 garbage-first heap   total 538624K, used 292864K [0x0000000080000000, 0x0000000100000000)
  region size 1024K, 21 young (21504K), 21 survivors (21504K)
 Metaspace       used 77286K, committed 79552K, reserved 1179648K
  class space    used 10846K, committed 11968K, reserved 1048576K
}
Event: 77.743 GC heap before
{Heap before GC invocations=46 (full 0):
 garbage-first heap   total 538624K, used 433152K [0x0000000080000000, 0x0000000100000000)
  region size 1024K, 159 young (162816K), 21 survivors (21504K)
 Metaspace       used 77469K, committed 79680K, reserved 1179648K
  class space    used 10858K, committed 11968K, reserved 1048576K
}
Event: 77.774 GC heap after
{Heap after GC invocations=47 (full 0):
 garbage-first heap   total 538624K, used 317952K [0x0000000080000000, 0x0000000100000000)
  region size 1024K, 20 young (20480K), 20 survivors (20480K)
 Metaspace       used 77469K, committed 79680K, reserved 1179648K
  class space    used 10858K, committed 11968K, reserved 1048576K
}
Event: 78.960 GC heap before
{Heap before GC invocations=48 (full 0):
 garbage-first heap   total 538624K, used 450048K [0x0000000080000000, 0x0000000100000000)
  region size 1024K, 150 young (153600K), 20 survivors (20480K)
 Metaspace       used 80674K, committed 83008K, reserved 1179648K
  class space    used 11080K, committed 12224K, reserved 1048576K
}
Event: 79.002 GC heap after
{Heap after GC invocations=49 (full 0):
 garbage-first heap   total 538624K, used 366080K [0x0000000080000000, 0x0000000100000000)
  region size 1024K, 19 young (19456K), 19 survivors (19456K)
 Metaspace       used 80674K, committed 83008K, reserved 1179648K
  class space    used 11080K, committed 12224K, reserved 1048576K
}
Event: 79.476 GC heap before
{Heap before GC invocations=49 (full 0):
 garbage-first heap   total 538624K, used 462336K [0x0000000080000000, 0x0000000100000000)
  region size 1024K, 106 young (108544K), 19 survivors (19456K)
 Metaspace       used 80974K, committed 83264K, reserved 1179648K
  class space    used 11121K, committed 12224K, reserved 1048576K
}
Event: 79.506 GC heap after
{Heap after GC invocations=50 (full 0):
 garbage-first heap   total 538624K, used 394752K [0x0000000080000000, 0x0000000100000000)
  region size 1024K, 14 young (14336K), 14 survivors (14336K)
 Metaspace       used 80974K, committed 83264K, reserved 1179648K
  class space    used 11121K, committed 12224K, reserved 1048576K
}
Event: 80.216 GC heap before
{Heap before GC invocations=50 (full 0):
 garbage-first heap   total 538624K, used 468480K [0x0000000080000000, 0x0000000100000000)
  region size 1024K, 87 young (89088K), 14 survivors (14336K)
 Metaspace       used 83170K, committed 85440K, reserved 1179648K
  class space    used 11307K, committed 12416K, reserved 1048576K
}

